{"level":"error","message":"Error in someFunction: error is not defined"}
{"level":"error","message":"Error in someFunction: error is not defined"}
{"level":"info","message":"Retrieved all support agents successfully"}
{"level":"info","message":"User chats retrieved successfully"}
{"level":"info","message":"Attempting to retrieve email messages for user: boudy.rashwan@gmail.com"}
{"level":"error","message":"No conversation found for the user"}
{"level":"info","message":"Retrieved all support agents successfully"}
{"level":"info","message":"Attempting to retrieve email messages for user: boudy.rashwan@gmail.com"}
{"level":"error","message":"No conversation found for the user"}
{"level":"error","message":"Error creating ticket: addToPriorityQueue is not defined"}
{"level":"error","message":"Error creating ticket: addToPriorityQueue is not defined"}
{"level":"error","message":"Error creating ticket: addToPriorityQueue is not defined"}
{"level":"info","message":"Attempting to retrieve email messages for user: boudy.rashwan@gmail.com"}
{"level":"error","message":"No conversation found for the user"}
{"level":"info","message":"Attempting to retrieve email messages for user: boudy.rashwan@gmail.com"}
{"level":"error","message":"No conversation found for the user"}
{"level":"info","message":"Attempting to retrieve email messages for user: boudy.rashwan@gmail.com"}
{"level":"error","message":"No conversation found for the user"}
{"level":"info","message":"Attempting to retrieve email messages for user: boudy.rashwan@gmail.com"}
{"level":"error","message":"No conversation found for the user"}
{"level":"info","message":"Attempting to retrieve user emails"}
{"level":"info","message":"Attempting to retrieve email messages for user: boudy.rashwan@gmail.com"}
{"level":"error","message":"No conversation found for the user"}
{"level":"info","message":"Attempting to retrieve user emails"}
{"level":"info","message":"Attempting to retrieve email messages for user: boudy.rashwan@gmail.com"}
{"level":"error","message":"No conversation found for the user"}
{"level":"info","message":"Attempting to retrieve email messages for user: boudy.rashwan@gmail.com"}
{"level":"error","message":"No conversation found for the user"}
{"level":"info","message":"Attempting to retrieve email messages for user: boudy.rashwan@gmail.com"}
{"level":"error","message":"No conversation found for the user"}
{"level":"info","message":"Attempting to retrieve email messages for user: boudy.rashwan@gmail.com"}
{"level":"error","message":"No conversation found for the user"}
{"level":"info","message":"Attempting to retrieve email messages for user: boudy.rashwan@gmail.com"}
{"level":"error","message":"No conversation found for the user"}
{"level":"info","message":"Attempting to retrieve email messages for user: boudy.rashwan@gmail.com"}
{"level":"error","message":"No conversation found for the user"}
{"level":"info","message":"Attempting to retrieve email messages for user: boudy.rashwan@gmail.com"}
{"level":"error","message":"No conversation found for the user"}
