{"level":"error","message":"Error in someFunction: error is not defined"}
{"level":"error","message":"Error in someFunction: error is not defined"}
{"level":"error","message":"No conversation found for the user"}
{"level":"error","message":"No conversation found for the user"}
{"level":"error","message":"Error creating ticket: addToPriorityQueue is not defined"}
{"level":"error","message":"Error creating ticket: addToPriorityQueue is not defined"}
{"level":"error","message":"Error creating ticket: addToPriorityQueue is not defined"}
{"level":"error","message":"No conversation found for the user"}
{"level":"error","message":"No conversation found for the user"}
{"level":"error","message":"No conversation found for the user"}
{"level":"error","message":"No conversation found for the user"}
{"level":"error","message":"No conversation found for the user"}
{"level":"error","message":"No conversation found for the user"}
{"level":"error","message":"No conversation found for the user"}
{"level":"error","message":"No conversation found for the user"}
{"level":"error","message":"No conversation found for the user"}
{"level":"error","message":"No conversation found for the user"}
{"level":"error","message":"No conversation found for the user"}
{"level":"error","message":"No conversation found for the user"}
{"level":"error","message":"No conversation found for the user"}
{"level":"error","message":"No conversation found for the user"}
{"level":"error","message":"No conversation found for the user"}
{"level":"error","message":"No conversation found for the user"}
{"level":"error","message":"No conversation found for the user"}
{"level":"error","message":"No conversation found for the user"}
{"level":"error","message":"Error during backup: Command failed: \"C:\\Program Files\\MongoDB\\Tools\\100\\bin\\mongodump\" --uri=mongodb://127.0.0.1:27017/SE-Project --out=C:/Users/moham/OneDrive/Desktop/backups/20231226T180635.899Z --db=SE-Project\nThe system cannot find the path specified.\r\n"}
{"level":"error","message":"Error in createEmail: Invalid login: 535-5.7.8 Username and Password not accepted. For more information, go to\n535 5.7.8  https://support.google.com/mail/?p=BadCredentials iv13-20020a05600c548d00b0040d30af488asm26285888wmb.40 - gsmtp"}
{"level":"error","message":"Error during backup: Command failed: \"C:\\Program Files\\MongoDB\\Tools\\100\\bin\\mongodump\" --uri=mongodb://127.0.0.1:27017/SE-Project --out=C:/Users/moham/OneDrive/Desktop/backups/20231226T180735.922Z --db=SE-Project\nThe system cannot find the path specified.\r\n"}
{"level":"error","message":"Error in someFunction: error is not defined"}
{"level":"error","message":"Error in someFunction: error is not defined"}
{"level":"error","message":"Error in someFunction: error is not defined"}
{"level":"error","message":"Error in someFunction: error is not defined"}
{"level":"error","message":"No conversation found for the user"}
{"level":"error","message":"No conversation found for the user"}
{"level":"error","message":"No conversation found for the user"}
{"level":"error","message":"No conversation found for the user"}
{"level":"error","message":"No conversation found for the user"}
{"level":"error","message":"No conversation found for the user"}
{"level":"error","message":"No conversation found for the user"}
{"level":"error","message":"No conversation found for the user"}
{"level":"error","message":"No conversation found for the user"}
{"level":"error","message":"No conversation found for the user"}
{"level":"error","message":"Error in someFunction: error is not defined"}
{"level":"error","message":"Error in someFunction: error is not defined"}
{"level":"error","message":"Error in someFunction: error is not defined"}
{"level":"error","message":"Error in someFunction: error is not defined"}
{"level":"error","message":"No conversation found for the user"}
{"level":"error","message":"No conversation found for the user"}
{"level":"error","message":"No conversation found for the user"}
{"level":"error","message":"No conversation found for the user"}
{"level":"error","message":"No conversation found for the user"}
{"level":"error","message":"No conversation found for the user"}
{"level":"error","message":"No conversation found for the user"}
{"level":"error","message":"No conversation found for the user"}
{"level":"error","message":"No conversation found for the user"}
{"level":"error","message":"No conversation found for the user"}
{"level":"error","message":"No conversation found for the user"}
{"level":"error","message":"No conversation found for the user"}
{"level":"error","message":"No conversation found for the user"}
{"level":"error","message":"No conversation found for the user"}
{"level":"error","message":"No conversation found for the user"}
{"level":"error","message":"No conversation found for the user"}
{"level":"error","message":"No conversation found for the user"}
{"level":"error","message":"No conversation found for the user"}
{"level":"error","message":"No conversation found for the user"}
{"level":"error","message":"No conversation found for the user"}
{"level":"error","message":"No conversation found for the user"}
{"level":"error","message":"No conversation found for the user"}
{"level":"error","message":"No conversation found for the user"}
{"level":"error","message":"No conversation found for the user"}
{"level":"error","message":"No conversation found for the user"}
{"level":"error","message":"No conversation found for the user"}
{"level":"error","message":"No conversation found for the user"}
{"level":"error","message":"No conversation found for the user"}
{"level":"error","message":"No conversation found for the user"}
{"level":"error","message":"No conversation found for the user"}
{"level":"error","message":"No conversation found for the user"}
{"level":"error","message":"No conversation found for the user"}
{"level":"error","message":"No conversation found for the user"}
{"level":"error","message":"No conversation found for the user"}
{"level":"error","message":"No conversation found for the user"}
{"level":"error","message":"No conversation found for the user"}
{"level":"error","message":"No conversation found for the user"}
{"level":"error","message":"No conversation found for the user"}
{"level":"error","message":"No conversation found for the user"}
{"level":"error","message":"No conversation found for the user"}
{"level":"error","message":"No conversation found for the user"}
{"level":"error","message":"No conversation found for the user"}
{"level":"error","message":"No conversation found for the user"}
{"level":"error","message":"No conversation found for the user"}
{"level":"error","message":"No conversation found for the user"}
{"level":"error","message":"No conversation found for the user"}
{"level":"error","message":"No conversation found for the user"}
{"level":"error","message":"No conversation found for the user"}
{"level":"error","message":"No conversation found for the user"}
{"level":"error","message":"No conversation found for the user"}
{"level":"error","message":"No conversation found for the user"}
{"level":"error","message":"No conversation found for the user"}
{"level":"error","message":"No conversation found for the user"}
{"level":"error","message":"No conversation found for the user"}
{"level":"error","message":"No conversation found for the user"}
{"level":"error","message":"No conversation found for the user"}
{"level":"error","message":"No conversation found for the user"}
{"level":"error","message":"No conversation found for the user"}
{"level":"error","message":"No conversation found for the user"}
{"level":"error","message":"No conversation found for the user"}
{"level":"error","message":"No conversation found for the user"}
{"level":"error","message":"No conversation found for the user"}
{"level":"error","message":"Error in someFunction: error is not defined"}
{"level":"error","message":"No conversation found for the user"}
{"level":"error","message":"No conversation found for the user"}
{"level":"error","message":"No conversation found for the user"}
{"level":"error","message":"No conversation found for the user"}
{"level":"error","message":"No conversation found for the user"}
{"level":"error","message":"No conversation found for the user"}
{"level":"error","message":"No conversation found for the user"}
{"level":"error","message":"No conversation found for the user"}
{"level":"error","message":"No conversation found for the user"}
{"level":"error","message":"No conversation found for the user"}
{"level":"error","message":"No conversation found for the user"}
{"level":"error","message":"No conversation found for the user"}
{"level":"error","message":"No conversation found for the user"}
{"level":"error","message":"No conversation found for the user"}
{"level":"error","message":"No conversation found for the user"}
{"level":"error","message":"No conversation found for the user"}
{"level":"error","message":"No conversation found for the user"}
{"level":"error","message":"No conversation found for the user"}
{"level":"error","message":"No conversation found for the user"}
{"level":"error","message":"No conversation found for the user"}
{"level":"error","message":"No conversation found for the user"}
{"level":"error","message":"No conversation found for the user"}
{"level":"error","message":"No conversation found for the user"}
{"level":"error","message":"No conversation found for the user"}
{"level":"error","message":"No conversation found for the user"}
{"level":"error","message":"No conversation found for the user"}
{"level":"error","message":"No conversation found for the user"}
{"level":"error","message":"No conversation found for the user"}
{"level":"error","message":"No conversation found for the user"}
{"level":"error","message":"No conversation found for the user"}
{"level":"error","message":"No conversation found for the user"}
{"level":"error","message":"No conversation found for the user"}
{"level":"error","message":"No conversation found for the user"}
{"level":"error","message":"No conversation found for the user"}
{"level":"error","message":"No conversation found for the user"}
{"level":"error","message":"No conversation found for the user"}
{"level":"error","message":"No conversation found for the user"}
{"level":"error","message":"No conversation found for the user"}
{"level":"error","message":"No conversation found for the user"}
{"level":"error","message":"No conversation found for the user"}
{"level":"error","message":"No conversation found for the user"}
{"level":"error","message":"No conversation found for the user"}
{"level":"error","message":"No conversation found for the user"}
{"level":"error","message":"No conversation found for the user"}
{"level":"error","message":"No conversation found for the user"}
{"level":"error","message":"No conversation found for the user"}
{"level":"error","message":"No conversation found for the user"}
{"level":"error","message":"No conversation found for the user"}
{"level":"error","message":"No conversation found for the user"}
{"level":"error","message":"No conversation found for the user"}
{"level":"error","message":"No conversation found for the user"}
{"level":"error","message":"No conversation found for the user"}
{"level":"error","message":"No conversation found for the user"}
{"level":"error","message":"No conversation found for the user"}
{"level":"error","message":"No conversation found for the user"}
{"level":"error","message":"No conversation found for the user"}
{"level":"error","message":"No conversation found for the user"}
{"level":"error","message":"No conversation found for the user"}
{"level":"error","message":"No conversation found for the user"}
{"level":"error","message":"No conversation found for the user"}
{"level":"error","message":"No conversation found for the user"}
{"level":"error","message":"No conversation found for the user"}
{"level":"error","message":"No conversation found for the user"}
{"level":"error","message":"No conversation found for the user"}
{"level":"error","message":"No conversation found for the user"}
{"level":"error","message":"No conversation found for the user"}
{"level":"error","message":"No conversation found for the user"}
{"level":"error","message":"No conversation found for the user"}
{"level":"error","message":"No conversation found for the user"}
{"level":"error","message":"No conversation found for the user"}
{"level":"error","message":"No conversation found for the user"}
{"level":"error","message":"No conversation found for the user"}
{"level":"error","message":"No conversation found for the user"}
{"level":"error","message":"No conversation found for the user"}
{"level":"error","message":"No conversation found for the user"}
{"level":"error","message":"No conversation found for the user"}
{"level":"error","message":"No conversation found for the user"}
{"level":"error","message":"No conversation found for the user"}
{"level":"error","message":"No conversation found for the user"}
{"level":"error","message":"No conversation found for the user"}
{"level":"error","message":"No conversation found for the user"}
{"level":"error","message":"No conversation found for the user"}
{"level":"error","message":"No conversation found for the user"}
{"level":"error","message":"No conversation found for the user"}
{"level":"error","message":"No conversation found for the user"}
{"level":"error","message":"No conversation found for the user"}
{"level":"error","message":"No conversation found for the user"}
{"level":"error","message":"No conversation found for the user"}
{"level":"error","message":"No conversation found for the user"}
{"level":"error","message":"No conversation found for the user"}
{"level":"error","message":"No conversation found for the user"}
{"level":"error","message":"No conversation found for the user"}
{"level":"error","message":"No conversation found for the user"}
{"level":"error","message":"No conversation found for the user"}
{"level":"error","message":"No conversation found for the user"}
{"level":"error","message":"No conversation found for the user"}
{"level":"error","message":"No conversation found for the user"}
{"level":"error","message":"No conversation found for the user"}
{"level":"error","message":"No conversation found for the user"}
{"level":"error","message":"No conversation found for the user"}
{"level":"error","message":"No conversation found for the user"}
{"level":"error","message":"No conversation found for the user"}
{"level":"error","message":"No conversation found for the user"}
{"level":"error","message":"No conversation found for the user"}
{"level":"error","message":"No conversation found for the user"}
{"level":"error","message":"No conversation found for the user"}
{"level":"error","message":"No conversation found for the user"}
{"level":"error","message":"No conversation found for the user"}
{"level":"error","message":"No conversation found for the user"}
{"level":"error","message":"No conversation found for the user"}
{"level":"error","message":"No conversation found for the user"}
{"level":"error","message":"No conversation found for the user"}
{"level":"error","message":"No conversation found for the user"}
{"level":"error","message":"No conversation found for the user"}
{"level":"error","message":"No conversation found for the user"}
{"level":"error","message":"No conversation found for the user"}
{"level":"error","message":"No conversation found for the user"}
{"level":"error","message":"No conversation found for the user"}
{"level":"error","message":"No conversation found for the user"}
{"level":"error","message":"No conversation found for the user"}
{"level":"error","message":"No conversation found for the user"}
{"level":"error","message":"No conversation found for the user"}
{"level":"error","message":"No conversation found for the user"}
{"level":"error","message":"No conversation found for the user"}
{"level":"error","message":"No conversation found for the user"}
{"level":"error","message":"No conversation found for the user"}
{"level":"error","message":"No conversation found for the user"}
{"level":"error","message":"No conversation found for the user"}
{"level":"error","message":"No conversation found for the user"}
{"level":"error","message":"No conversation found for the user"}
{"level":"error","message":"No conversation found for the user"}
{"level":"error","message":"No conversation found for the user"}
{"level":"error","message":"No conversation found for the user"}
{"level":"error","message":"No conversation found for the user"}
{"level":"error","message":"No conversation found for the user"}
{"level":"error","message":"No conversation found for the user"}
{"level":"error","message":"No conversation found for the user"}
{"level":"error","message":"No conversation found for the user"}
{"level":"error","message":"No conversation found for the user"}
{"level":"error","message":"No conversation found for the user"}
{"level":"error","message":"No conversation found for the user"}
{"level":"error","message":"No conversation found for the user"}
{"level":"error","message":"No conversation found for the user"}
{"level":"error","message":"No conversation found for the user"}
{"level":"error","message":"No conversation found for the user"}
{"level":"error","message":"No conversation found for the user"}
{"level":"error","message":"No conversation found for the user"}
{"level":"error","message":"No conversation found for the user"}
{"level":"error","message":"No conversation found for the user"}
{"level":"error","message":"No conversation found for the user"}
{"level":"error","message":"Error in someFunction: error is not defined"}
{"level":"error","message":"No conversation found for the user"}
{"level":"error","message":"No conversation found for the user"}
{"level":"error","message":"No conversation found for the user"}
{"level":"error","message":"No conversation found for the user"}
{"level":"error","message":"No conversation found for the user"}
{"level":"error","message":"No conversation found for the user"}
{"level":"error","message":"No conversation found for the user"}
{"level":"error","message":"No conversation found for the user"}
{"level":"error","message":"No conversation found for the user"}
{"level":"error","message":"Error checking 2FA status: error is not defined"}
{"level":"error","message":"No conversation found for the user"}
{"level":"error","message":"Error checking 2FA status: error is not defined"}
{"level":"error","message":"No conversation found for the user"}
{"level":"error","message":"No conversation found for the user"}
{"level":"error","message":"No conversation found for the user"}
{"level":"error","message":"No conversation found for the user"}
{"level":"error","message":"No conversation found for the user"}
{"level":"error","message":"No conversation found for the user"}
{"level":"error","message":"No conversation found for the user"}
{"level":"error","message":"No conversation found for the user"}
{"level":"error","message":"No conversation found for the user"}
{"level":"error","message":"No conversation found for the user"}
{"level":"error","message":"No conversation found for the user"}
{"level":"error","message":"No conversation found for the user"}
{"level":"error","message":"No conversation found for the user"}
{"level":"error","message":"No conversation found for the user"}
{"level":"error","message":"No conversation found for the user"}
{"level":"error","message":"No conversation found for the user"}
{"level":"error","message":"No conversation found for the user"}
{"level":"error","message":"No conversation found for the user"}
{"level":"error","message":"No conversation found for the user"}
{"level":"error","message":"No conversation found for the user"}
{"level":"error","message":"No conversation found for the user"}
{"level":"error","message":"No conversation found for the user"}
{"level":"error","message":"No conversation found for the user"}
{"level":"error","message":"No conversation found for the user"}
{"level":"error","message":"Unhandled Rejection: TypeError: logger.error is not a function"}
{"level":"error","message":"Unhandled Rejection: TypeError: logger.error is not a function"}
{"level":"error","message":"Unhandled Rejection: TypeError: logger.error is not a function"}
{"level":"error","message":"Unhandled Rejection: TypeError: logger.error is not a function"}
{"level":"error","message":"Unhandled Rejection: TypeError: logger.error is not a function"}
{"level":"error","message":"Unhandled Rejection: TypeError: logger.error is not a function"}
{"level":"error","message":"Unhandled Rejection: TypeError: logger.error is not a function"}
{"level":"error","message":"Unhandled Rejection: TypeError: logger.error is not a function"}
{"level":"error","message":"Unhandled Rejection: TypeError: logger.error is not a function"}
{"level":"error","message":"Customization settings not found"}
{"level":"error","message":"Customization settings not found"}
{"level":"error","message":"Customization settings not found"}
{"level":"error","message":"Customization settings not found"}
{"level":"error","message":"Customization settings not found"}
{"level":"error","message":"Customization settings not found"}
{"level":"error","message":"Customization settings not found"}
{"level":"error","message":"Customization settings not found"}
{"level":"error","message":"Customization settings not found"}
{"level":"error","message":"Customization settings not found"}
{"level":"error","message":"Customization settings not found"}
{"level":"error","message":"Customization settings not found"}
{"level":"error","message":"Customization settings not found"}
{"level":"error","message":"Customization settings not found"}
{"level":"error","message":"Customization settings not found"}
{"level":"error","message":"Customization settings not found"}
{"level":"error","message":"Customization settings not found"}
{"level":"error","message":"Customization settings not found"}
{"level":"error","message":"Customization settings not found"}
{"level":"error","message":"Customization settings not found"}
{"level":"error","message":"Customization settings not found"}
{"level":"error","message":"Customization settings not found"}
{"level":"error","message":"No conversation found for the user"}
{"level":"error","message":"No conversation found for the user"}
{"level":"error","message":"No conversation found for the user"}
{"level":"error","message":"No conversation found for the user"}
{"level":"error","message":"No conversation found for the user"}
{"level":"error","message":"No conversation found for the user"}
{"level":"error","message":"No conversation found for the user"}
{"level":"error","message":"No conversation found for the user"}
{"level":"error","message":"No conversation found for the user"}
{"level":"error","message":"No conversation found for the user"}
{"level":"error","message":"Erro disabling MFA: error is not defined"}
{"level":"error","message":"Erro disabling MFA: error is not defined"}
{"level":"error","message":"No conversation found for the user"}
{"level":"error","message":"No conversation found for the user"}
{"level":"error","message":"No conversation found for the user"}
{"level":"error","message":"No conversation found for the user"}
{"level":"error","message":"No conversation found for the user"}
{"level":"error","message":"No conversation found for the user"}
{"level":"error","message":"No conversation found for the user"}
{"level":"error","message":"No conversation found for the user"}
{"level":"error","message":"No conversation found for the user"}
{"level":"error","message":"No conversation found for the user"}
{"level":"error","message":"No conversation found for the user"}
{"level":"error","message":"No conversation found for the user"}
{"level":"error","message":"No conversation found for the user"}
{"level":"error","message":"No conversation found for the user"}
{"level":"error","message":"No conversation found for the user"}
{"level":"error","message":"No conversation found for the user"}
{"level":"error","message":"No conversation found for the user"}
{"level":"error","message":"No conversation found for the user"}
{"level":"error","message":"No conversation found for the user"}
{"level":"error","message":"No conversation found for the user"}
{"level":"error","message":"No conversation found for the user"}
{"level":"error","message":"No conversation found for the user"}
{"level":"error","message":"No conversation found for the user"}
{"level":"error","message":"No conversation found for the user"}
{"level":"error","message":"No conversation found for the user"}
{"level":"error","message":"No conversation found for the user"}
{"level":"error","message":"No conversation found for the user"}
{"level":"error","message":"Error.: User validation failed: name: Path `name` is required., email: Path `email` is required., role.0: `` is not a valid enum value for path `role.0`."}
{"level":"error","message":"No conversation found for the user"}
{"level":"error","message":"No conversation found for the user"}
{"level":"error","message":"No conversation found for the user"}
{"level":"error","message":"No conversation found for the user"}
{"level":"error","message":"No conversation found for the user"}
{"level":"error","message":"No conversation found for the user"}
{"level":"error","message":"No conversation found for the user"}
{"level":"error","message":"No conversation found for the user"}
{"level":"error","message":"No conversation found for the user"}
{"level":"error","message":"No conversation found for the user"}
{"level":"error","message":"No conversation found for the user"}
{"level":"error","message":"No conversation found for the user"}
{"level":"error","message":"No conversation found for the user"}
{"level":"error","message":"No conversation found for the user"}
{"level":"error","message":"No conversation found for the user"}
{"level":"error","message":"No conversation found for the user"}
{"level":"error","message":"No conversation found for the user"}
{"level":"error","message":"No conversation found for the user"}
{"level":"error","message":"No conversation found for the user"}
{"level":"error","message":"No conversation found for the user"}
{"level":"error","message":"No conversation found for the user"}
{"level":"error","message":"No conversation found for the user"}
{"level":"error","message":"No conversation found for the user"}
{"level":"error","message":"No conversation found for the user"}
{"level":"error","message":"No conversation found for the user"}
{"level":"error","message":"No conversation found for the user"}
{"level":"error","message":"No conversation found for the user"}
{"level":"error","message":"No conversation found for the user"}
{"level":"error","message":"No conversation found for the user"}
{"level":"error","message":"No conversation found for the user"}
{"level":"error","message":"No conversation found for the user"}
{"level":"error","message":"No conversation found for the user"}
{"level":"error","message":"No conversation found for the user"}
{"level":"error","message":"No conversation found for the user"}
{"level":"error","message":"No conversation found for the user"}
{"level":"error","message":"No conversation found for the user"}
{"level":"error","message":"Error in someFunction: error is not defined"}
{"level":"error","message":"Error in someFunction: error is not defined"}
{"level":"error","message":"Error in someFunction: error is not defined"}
